Arguments: 
  /home/magius/.nvm/versions/node/v17.2.0/bin/node /usr/bin/yarn start

PATH: 
  /home/magius/.nvm/versions/node/v17.2.0/bin:/home/magius/.local/bin:/usr/local/sbin:/usr/local/bin:/usr/bin:/home/magius/.dotnet/tools:/usr/lib/jvm/default/bin:/usr/bin/site_perl:/usr/bin/vendor_perl:/usr/bin/core_perl

Yarn version: 
  1.22.17

Node version: 
  17.2.0

Platform: 
  linux x64

Trace: 
  SyntaxError: /home/magius/Sources/Personal/rust-browser/package.json: Unexpected string in JSON at position 260
      at JSON.parse (<anonymous>)
      at /usr/lib/node_modules/yarn/lib/cli.js:1625:59
      at Generator.next (<anonymous>)
      at step (/usr/lib/node_modules/yarn/lib/cli.js:310:30)
      at /usr/lib/node_modules/yarn/lib/cli.js:321:13

npm manifest: 
  {
    "name": "rowser",
    "version": "0.1.0",
    "description": "A Rust-Browser",
    "main": "cargo run",
    "repository": "https://github.com/magiusche/rowser",
    "author": "Magius(CHE) <magiusche@magius.it>",
    "license": "MIT OR Apache-2.0",
    "private": true
    "scripts": {
      "start":"cargo run"
    }
  }

yarn manifest: 
  No manifest

Lockfile: 
  No lockfile
